Traceback (most recent call last):
  File "/opt/hostedtoolcache/Python/3.8.12/x64/lib/python3.8/site-packages/jupyter_cache/executors/utils.py", line 51, in single_nb_execution
    executenb(
  File "/opt/hostedtoolcache/Python/3.8.12/x64/lib/python3.8/site-packages/nbclient/client.py", line 1204, in execute
    return NotebookClient(nb=nb, resources=resources, km=km, **kwargs).execute()
  File "/opt/hostedtoolcache/Python/3.8.12/x64/lib/python3.8/site-packages/nbclient/util.py", line 84, in wrapped
    return just_run(coro(*args, **kwargs))
  File "/opt/hostedtoolcache/Python/3.8.12/x64/lib/python3.8/site-packages/nbclient/util.py", line 62, in just_run
    return loop.run_until_complete(coro)
  File "/opt/hostedtoolcache/Python/3.8.12/x64/lib/python3.8/asyncio/base_events.py", line 616, in run_until_complete
    return future.result()
  File "/opt/hostedtoolcache/Python/3.8.12/x64/lib/python3.8/site-packages/nbclient/client.py", line 663, in async_execute
    await self.async_execute_cell(
  File "/opt/hostedtoolcache/Python/3.8.12/x64/lib/python3.8/site-packages/nbclient/client.py", line 965, in async_execute_cell
    await self._check_raise_for_error(cell, cell_index, exec_reply)
  File "/opt/hostedtoolcache/Python/3.8.12/x64/lib/python3.8/site-packages/nbclient/client.py", line 862, in _check_raise_for_error
    raise CellExecutionError.from_cell_and_msg(cell, exec_reply_content)
nbclient.exceptions.CellExecutionError: An error occurred while executing the following cell:
------------------
flips = [flip_coin() for _ in range(0, 2000)]
heads = [flip for flip in flips if flip == "heads"]

len(heads)/len(flips)

# plot a horizontal bar chart of the number of outcomes
s = pd.Series(flips)
print(s.value_counts().sort_index())
s.value_counts().sort_index().plot(kind="barh")
------------------

[0;31m---------------------------------------------------------------------------[0m
[0;31mNameError[0m                                 Traceback (most recent call last)
Input [0;32mIn [6][0m, in [0;36m<cell line: 7>[0;34m()[0m
[1;32m      4[0m [38;5;28mlen[39m(heads)[38;5;241m/[39m[38;5;28mlen[39m(flips)
[1;32m      6[0m [38;5;66;03m# plot a horizontal bar chart of the number of outcomes[39;00m
[0;32m----> 7[0m s [38;5;241m=[39m [43mpd[49m[38;5;241m.[39mSeries(flips)
[1;32m      8[0m [38;5;28mprint[39m(s[38;5;241m.[39mvalue_counts()[38;5;241m.[39msort_index())
[1;32m      9[0m s[38;5;241m.[39mvalue_counts()[38;5;241m.[39msort_index()[38;5;241m.[39mplot(kind[38;5;241m=[39m[38;5;124m"[39m[38;5;124mbarh[39m[38;5;124m"[39m)

[0;31mNameError[0m: name 'pd' is not defined
NameError: name 'pd' is not defined

